current directory: /Users/Justin/Desktop/Projects/Blog/jhwaffles_blog.github.io/_vendor/ruby/3.1.0/gems/eventmachine-1.2.7/ext/fastfilereader
/Users/Justin/.rubies/ruby-3.1.3/bin/ruby -I /Users/Justin/.rubies/ruby-3.1.3/lib/ruby/3.1.0 extconf.rb
creating Makefile

current directory: /Users/Justin/Desktop/Projects/Blog/jhwaffles_blog.github.io/_vendor/ruby/3.1.0/gems/eventmachine-1.2.7/ext/fastfilereader
make DESTDIR\= sitearchdir\=./.gem.20230522-76301-hwg3c8 sitelibdir\=./.gem.20230522-76301-hwg3c8 clean

current directory: /Users/Justin/Desktop/Projects/Blog/jhwaffles_blog.github.io/_vendor/ruby/3.1.0/gems/eventmachine-1.2.7/ext/fastfilereader
make DESTDIR\= sitearchdir\=./.gem.20230522-76301-hwg3c8 sitelibdir\=./.gem.20230522-76301-hwg3c8
compiling mapper.cpp
compiling rubymain.cpp
In file included from rubymain.cpp:25:
In file included from /Users/Justin/.rubies/ruby-3.1.3/include/ruby-3.1.0/ruby.h:38:
In file included from /Users/Justin/.rubies/ruby-3.1.3/include/ruby-3.1.0/ruby/ruby.h:27:
In file included from /Users/Justin/.rubies/ruby-3.1.3/include/ruby-3.1.0/ruby/internal/arithmetic.h:23:
In file included from /Users/Justin/.rubies/ruby-3.1.3/include/ruby-3.1.0/ruby/internal/arithmetic/char.h:29:
In file included from /Users/Justin/.rubies/ruby-3.1.3/include/ruby-3.1.0/ruby/internal/core/rstring.h:30:
/Users/Justin/.rubies/ruby-3.1.3/include/ruby-3.1.0/ruby/internal/fl_type.h:192:1: warning: '__flag_enum__' attribute ignored [-Wignored-attributes]
RBIMPL_ATTR_FLAG_ENUM()
^
/Users/Justin/.rubies/ruby-3.1.3/include/ruby-3.1.0/ruby/internal/attr/flag_enum.h:28:49: note: expanded from macro 'RBIMPL_ATTR_FLAG_ENUM'
# define RBIMPL_ATTR_FLAG_ENUM() __attribute__((__flag_enum__))
                                                ^
In file included from rubymain.cpp:25:
In file included from /Users/Justin/.rubies/ruby-3.1.3/include/ruby-3.1.0/ruby.h:38:
In file included from /Users/Justin/.rubies/ruby-3.1.3/include/ruby-3.1.0/ruby/ruby.h:28:
In file included from /Users/Justin/.rubies/ruby-3.1.3/include/ruby-3.1.0/ruby/internal/core.h:34:
/Users/Justin/.rubies/ruby-3.1.3/include/ruby-3.1.0/ruby/internal/core/rtypeddata.h:123:1: warning: '__flag_enum__' attribute ignored [-Wignored-attributes]
RBIMPL_ATTR_FLAG_ENUM()
^
/Users/Justin/.rubies/ruby-3.1.3/include/ruby-3.1.0/ruby/internal/attr/flag_enum.h:28:49: note: expanded from macro 'RBIMPL_ATTR_FLAG_ENUM'
# define RBIMPL_ATTR_FLAG_ENUM() __attribute__((__flag_enum__))
                                                ^
2 warnings generated.
linking shared-object fastfilereaderext.bundle

current directory: /Users/Justin/Desktop/Projects/Blog/jhwaffles_blog.github.io/_vendor/ruby/3.1.0/gems/eventmachine-1.2.7/ext/fastfilereader
make DESTDIR\= sitearchdir\=./.gem.20230522-76301-hwg3c8 sitelibdir\=./.gem.20230522-76301-hwg3c8 install
/usr/bin/install -c -m 0755 fastfilereaderext.bundle ./.gem.20230522-76301-hwg3c8
