current directory: /Users/Justin/Desktop/Projects/Blog/jhwaffles_blog.github.io/_vendor/ruby/3.1.0/gems/yajl-ruby-1.1.0/ext/yajl
/Users/Justin/.rubies/ruby-3.1.3/bin/ruby -I /Users/Justin/.rubies/ruby-3.1.3/lib/ruby/3.1.0 extconf.rb
creating Makefile

current directory: /Users/Justin/Desktop/Projects/Blog/jhwaffles_blog.github.io/_vendor/ruby/3.1.0/gems/yajl-ruby-1.1.0/ext/yajl
make DESTDIR\= sitearchdir\=./.gem.20230522-80983-dtjhkr sitelibdir\=./.gem.20230522-80983-dtjhkr clean

current directory: /Users/Justin/Desktop/Projects/Blog/jhwaffles_blog.github.io/_vendor/ruby/3.1.0/gems/yajl-ruby-1.1.0/ext/yajl
make DESTDIR\= sitearchdir\=./.gem.20230522-80983-dtjhkr sitelibdir\=./.gem.20230522-80983-dtjhkr
compiling yajl.c
compiling yajl_alloc.c
compiling yajl_buf.c
compiling yajl_encode.c
compiling yajl_ext.c
yajl_ext.c:42:19: warning: implicit conversion loses integer precision: 'long' to 'int' [-Wshorten-64-to-32]
        int len = RARRAY_LEN(wrapper->builderStack);
            ~~~   ^~~~~~~~~~~~~~~~~~~~~~~~~~~~~~~~~
/Users/Justin/.rubies/ruby-3.1.3/include/ruby-3.1.0/ruby/internal/core/rarray.h:68:36: note: expanded from macro 'RARRAY_LEN'
#define RARRAY_LEN                 rb_array_len                 /**< @alias{rb_array_len} */
                                   ^
yajl_ext.c:47:19: warning: implicit conversion loses integer precision: 'long' to 'int' [-Wshorten-64-to-32]
        int len = RARRAY_LEN(wrapper->builderStack);
            ~~~   ^~~~~~~~~~~~~~~~~~~~~~~~~~~~~~~~~
/Users/Justin/.rubies/ruby-3.1.3/include/ruby-3.1.0/ruby/internal/core/rarray.h:68:36: note: expanded from macro 'RARRAY_LEN'
#define RARRAY_LEN                 rb_array_len                 /**< @alias{rb_array_len} */
                                   ^
yajl_ext.c:64:11: warning: implicit conversion loses integer precision: 'long' to 'int' [-Wshorten-64-to-32]
    len = RARRAY_LEN(wrapper->builderStack);
        ~ ^~~~~~~~~~~~~~~~~~~~~~~~~~~~~~~~~
/Users/Justin/.rubies/ruby-3.1.3/include/ruby-3.1.0/ruby/internal/core/rarray.h:68:36: note: expanded from macro 'RARRAY_LEN'
#define RARRAY_LEN                 rb_array_len                 /**< @alias{rb_array_len} */
                                   ^
yajl_ext.c:176:19: warning: implicit conversion loses integer precision: 'long' to 'unsigned int' [-Wshorten-64-to-32]
            len = RSTRING_LEN(str);
                ~ ^~~~~~~~~~~~~~~~
/Users/Justin/.rubies/ruby-3.1.3/include/ruby-3.1.0/ruby/internal/core/rstring.h:52:27: note: expanded from macro 'RSTRING_LEN'
#define RSTRING_LEN       RSTRING_LEN
                          ^
yajl_ext.c:184:19: warning: implicit conversion loses integer precision: 'long' to 'unsigned int' [-Wshorten-64-to-32]
            len = RSTRING_LEN(obj);
                ~ ^~~~~~~~~~~~~~~~
/Users/Justin/.rubies/ruby-3.1.3/include/ruby-3.1.0/ruby/internal/core/rstring.h:52:27: note: expanded from macro 'RSTRING_LEN'
#define RSTRING_LEN       RSTRING_LEN
                          ^
yajl_ext.c:192:23: warning: implicit conversion loses integer precision: 'long' to 'unsigned int' [-Wshorten-64-to-32]
                len = RSTRING_LEN(str);
                    ~ ^~~~~~~~~~~~~~~~
/Users/Justin/.rubies/ruby-3.1.3/include/ruby-3.1.0/ruby/internal/core/rstring.h:52:27: note: expanded from macro 'RSTRING_LEN'
#define RSTRING_LEN       RSTRING_LEN
                          ^
yajl_ext.c:198:23: warning: implicit conversion loses integer precision: 'long' to 'unsigned int' [-Wshorten-64-to-32]
                len = RSTRING_LEN(str);
                    ~ ^~~~~~~~~~~~~~~~
/Users/Justin/.rubies/ruby-3.1.3/include/ruby-3.1.0/ruby/internal/core/rstring.h:52:27: note: expanded from macro 'RSTRING_LEN'
#define RSTRING_LEN       RSTRING_LEN
                          ^
yajl_ext.c:463:15: warning: implicit conversion loses integer precision: 'long' to 'unsigned int' [-Wshorten-64-to-32]
        len = RSTRING_LEN(input);
            ~ ^~~~~~~~~~~~~~~~~~
/Users/Justin/.rubies/ruby-3.1.3/include/ruby-3.1.0/ruby/internal/core/rstring.h:52:27: note: expanded from macro 'RSTRING_LEN'
#define RSTRING_LEN       RSTRING_LEN
                          ^
yajl_ext.c:469:19: warning: implicit conversion loses integer precision: 'long' to 'unsigned int' [-Wshorten-64-to-32]
            len = RSTRING_LEN(parsed);
                ~ ^~~~~~~~~~~~~~~~~~~
/Users/Justin/.rubies/ruby-3.1.3/include/ruby-3.1.0/ruby/internal/core/rstring.h:52:27: note: expanded from macro 'RSTRING_LEN'
#define RSTRING_LEN       RSTRING_LEN
                          ^
yajl_ext.c:509:15: warning: implicit conversion loses integer precision: 'long' to 'unsigned int' [-Wshorten-64-to-32]
        len = RSTRING_LEN(chunk);
            ~ ^~~~~~~~~~~~~~~~~~
/Users/Justin/.rubies/ruby-3.1.3/include/ruby-3.1.0/ruby/internal/core/rstring.h:52:27: note: expanded from macro 'RSTRING_LEN'
#define RSTRING_LEN       RSTRING_LEN
                          ^
yajl_ext.c:852:22: error: use of undeclared identifier 'rb_cFixnum'
    rb_define_method(rb_cFixnum, "to_json", rb_yajl_json_ext_fixnum_to_json, -1);
                     ^
10 warnings and 1 error generated.
make: *** [yajl_ext.o] Error 1

make failed, exit code 2
