current directory: /Users/Justin/Desktop/Projects/Blog/jhwaffles_blog.github.io/_vendor/ruby/3.1.0/gems/redcarpet-2.3.0/ext/redcarpet
/Users/Justin/.rubies/ruby-3.1.3/bin/ruby -I /Users/Justin/.rubies/ruby-3.1.3/lib/ruby/3.1.0 extconf.rb
creating Makefile

current directory: /Users/Justin/Desktop/Projects/Blog/jhwaffles_blog.github.io/_vendor/ruby/3.1.0/gems/redcarpet-2.3.0/ext/redcarpet
make DESTDIR\= sitearchdir\=./.gem.20230522-80009-2i4t8l sitelibdir\=./.gem.20230522-80009-2i4t8l clean

current directory: /Users/Justin/Desktop/Projects/Blog/jhwaffles_blog.github.io/_vendor/ruby/3.1.0/gems/redcarpet-2.3.0/ext/redcarpet
make DESTDIR\= sitearchdir\=./.gem.20230522-80009-2i4t8l sitelibdir\=./.gem.20230522-80009-2i4t8l
compiling autolink.c
compiling buffer.c
compiling houdini_href_e.c
compiling houdini_html_e.c
compiling html.c
html.c:129:4: warning: variable 'cls' is uninitialized when used here [-Wuninitialized]
                        cls++;
                        ^~~
html.c:126:16: note: initialize the variable 'cls' to silence this warning
                size_t i, cls;
                             ^
                              = 0
1 warning generated.
compiling html_smartypants.c
html_smartypants.c:92:39: warning: initializing 'char *' with an expression of type 'const char [2]' discards qualifiers [-Wincompatible-pointer-types-discards-qualifiers]
        static char* single_quote_list[] = { "'", "&#39;", "&#x27;", "&apos;", NULL };
                                             ^~~
html_smartypants.c:92:44: warning: initializing 'char *' with an expression of type 'const char [6]' discards qualifiers [-Wincompatible-pointer-types-discards-qualifiers]
        static char* single_quote_list[] = { "'", "&#39;", "&#x27;", "&apos;", NULL };
                                                  ^~~~~~~
html_smartypants.c:92:53: warning: initializing 'char *' with an expression of type 'const char [7]' discards qualifiers [-Wincompatible-pointer-types-discards-qualifiers]
        static char* single_quote_list[] = { "'", "&#39;", "&#x27;", "&apos;", NULL };
                                                           ^~~~~~~~
html_smartypants.c:92:63: warning: initializing 'char *' with an expression of type 'const char [7]' discards qualifiers [-Wincompatible-pointer-types-discards-qualifiers]
        static char* single_quote_list[] = { "'", "&#39;", "&#x27;", "&apos;", NULL };
                                                                     ^~~~~~~~
html_smartypants.c:133:25: warning: implicit conversion loses integer precision: 'size_t' (aka 'unsigned long') to 'int' [-Wshorten-64-to-32]
                int next_squote_len = squote_len(text+1, size-1);
                    ~~~~~~~~~~~~~~~   ^~~~~~~~~~~~~~~~~~~~~~~~~~
html_smartypants.c:137:30: warning: comparison of integers of different signs: 'size_t' (aka 'unsigned long') and 'int' [-Wsign-compare]
                        uint8_t next_char = (size > 1+next_squote_len) ? text[1+next_squote_len] : 0;
                                             ~~~~ ^ ~~~~~~~~~~~~~~~~~
html_smartypants.c:232:12: warning: implicit conversion loses integer precision: 'size_t' (aka 'unsigned long') to 'int' [-Wshorten-64-to-32]
        int len = squote_len(text, size);
            ~~~   ^~~~~~~~~~~~~~~~~~~~~~
7 warnings generated.
compiling markdown.c
markdown.c:67:15: warning: unused function 'char_underline' [-Wunused-function]
static size_t char_underline(struct buf *ob, struct sd_markdown *rndr, uint8_t *data, size_t offset, size_t size);
              ^
1 warning generated.
compiling rc_markdown.c
compiling rc_render.c
compiling stack.c
linking shared-object redcarpet.bundle

current directory: /Users/Justin/Desktop/Projects/Blog/jhwaffles_blog.github.io/_vendor/ruby/3.1.0/gems/redcarpet-2.3.0/ext/redcarpet
make DESTDIR\= sitearchdir\=./.gem.20230522-80009-2i4t8l sitelibdir\=./.gem.20230522-80009-2i4t8l install
/usr/bin/install -c -m 0755 redcarpet.bundle ./.gem.20230522-80009-2i4t8l
